\BOOKMARK [0][-]{chapter*.3}{摘要}{}% 1
\BOOKMARK [0][-]{chapter*.4}{Abstract}{}% 2
\BOOKMARK [0][-]{chapter*.5}{Acknowledgement}{}% 3
\BOOKMARK [0][-]{section*.7}{Contents}{}% 4
\BOOKMARK [0][-]{chapter*.11}{Glossary}{}% 5
\BOOKMARK [0][-]{chapter.1}{Introduction}{}% 6
\BOOKMARK [0][-]{chapter.2}{The\040ATLAS\040Detector}{}% 7
\BOOKMARK [0][-]{chapter.3}{Result}{}% 8
\BOOKMARK [0][-]{chapter.4}{Conclusion}{}% 9
\BOOKMARK [0][-]{chapter.5}{Chapter\040name\(demo\)}{}% 10
\BOOKMARK [1][-]{section.5.1}{Section\040name}{chapter.5}% 11
\BOOKMARK [2][-]{subsection.5.1.1}{Subsection\040name}{section.5.1}% 12
\BOOKMARK [0][-]{chapter.6}{Test\040demo}{}% 13
\BOOKMARK [0][-]{chapter.7}{figure}{}% 14
\BOOKMARK [1][-]{section.7.1}{Insert\040single\040figure\(by\040sppmg's\040tool\)}{chapter.7}% 15
\BOOKMARK [1][-]{section.7.2}{Insert\040figures}{chapter.7}% 16
\BOOKMARK [0][-]{chapter.8}{Table}{}% 17
\BOOKMARK [1][-]{section.8.1}{Simple\040table}{chapter.8}% 18
\BOOKMARK [1][-]{section.8.2}{Auto\040break\040line\040table}{chapter.8}% 19
\BOOKMARK [0][-]{chapter*.21}{Bibliography}{}% 20
\BOOKMARK [0][-]{appendix.A}{List\040of\040device}{}% 21
\BOOKMARK [0][-]{appendix.B}{Solutions}{}% 22
\BOOKMARK [1][-]{section.B.1}{The\040solution}{appendix.B}% 23
\BOOKMARK [0][-]{appendix.C}{Code}{}% 24
\BOOKMARK [1][-]{section.C.1}{C}{appendix.C}% 25
\BOOKMARK [1][-]{section.C.2}{Matlab}{appendix.C}% 26
\BOOKMARK [1][-]{section.C.3}{IDL}{appendix.C}% 27
